<?xml version="1.0" encoding="UTF-8"?>
<!-- Generated by org.testng.reporters.JUnitXMLReporter -->
<testsuite hostname="andy" name="RegistrationFill" tests="4" failures="0" timestamp="17 Sep 2016 18:07:46 GMT" time="5.687" errors="0">
  <testcase name="testSetDay" time="0.078" classname="com.vk.test.TestRegistrationForm"/>
  <testcase name="testSetMonth" time="0.078" classname="com.vk.test.TestRegistrationForm"/>
  <testcase name="testSetYear" time="0.062" classname="com.vk.test.TestRegistrationForm"/>
  <testcase name="testSex" time="0.078" classname="com.vk.test.TestRegistrationForm"/>
</testsuite> <!-- RegistrationFill -->
